build/outputs/logs/manifest-merger-debug-report.txt
-- Merging decision tree log ---
manifest
ADDED from Android_Dev\Watermelon\AndroidManifest.xml:2:1-54:12
	package
		ADDED from Android_Dev\Watermelon\AndroidManifest.xml:3:5-36
	android:versionName
		ADDED from Android_Dev\Watermelon\AndroidManifest.xml:5:5-36
		INJECTED from Android_Dev\Watermelon\AndroidManifest.xml
		INJECTED from Android_Dev\Watermelon\AndroidManifest.xml
	android:versionCode
		ADDED from Android_Dev\Watermelon\AndroidManifest.xml:4:5-29
		INJECTED from Android_Dev\Watermelon\AndroidManifest.xml
		INJECTED from Android_Dev\Watermelon\AndroidManifest.xml
	xmlns:android
		ADDED from Android_Dev\Watermelon\AndroidManifest.xml:2:11-69
uses-sdk
ADDED from Android_Dev\Watermelon\AndroidManifest.xml:7:5-9:41
	android:targetSdkVersion
		ADDED from Android_Dev\Watermelon\AndroidManifest.xml:9:9-38
	android:minSdkVersion
		ADDED from Android_Dev\Watermelon\AndroidManifest.xml:8:9-34
uses-permission#android.permission.RECEIVE_BOOT_COMPLETED
ADDED from Android_Dev\Watermelon\AndroidManifest.xml:11:5-81
	android:name
		ADDED from Android_Dev\Watermelon\AndroidManifest.xml:11:22-78
uses-permission#android.permission.INTERNET
ADDED from Android_Dev\Watermelon\AndroidManifest.xml:12:5-67
	android:name
		ADDED from Android_Dev\Watermelon\AndroidManifest.xml:12:22-64
uses-permission#android.permission.ACCESS_WIFI_STATE
ADDED from Android_Dev\Watermelon\AndroidManifest.xml:13:5-76
	android:name
		ADDED from Android_Dev\Watermelon\AndroidManifest.xml:13:22-73
uses-permission#android.permission.ACCESS_NETWORK_STATE
ADDED from Android_Dev\Watermelon\AndroidManifest.xml:14:5-79
	android:name
		ADDED from Android_Dev\Watermelon\AndroidManifest.xml:14:22-76
uses-permission#android.permission.WRITE_EXTERNAL_STORAGE
ADDED from Android_Dev\Watermelon\AndroidManifest.xml:15:5-81
	android:name
		ADDED from Android_Dev\Watermelon\AndroidManifest.xml:15:22-78
uses-permission#android.permission.READ_PHONE_STATE
ADDED from Android_Dev\Watermelon\AndroidManifest.xml:16:5-75
	android:name
		ADDED from Android_Dev\Watermelon\AndroidManifest.xml:16:22-72
uses-permission#android.permission.READ_EXTERNAL_STORAGE
ADDED from Android_Dev\Watermelon\AndroidManifest.xml:17:5-80
	android:name
		ADDED from Android_Dev\Watermelon\AndroidManifest.xml:17:22-77
application
ADDED from Android_Dev\Watermelon\AndroidManifest.xml:19:5-52:19
	android:label
		ADDED from Android_Dev\Watermelon\AndroidManifest.xml:22:9-41
	android:allowBackup
		ADDED from Android_Dev\Watermelon\AndroidManifest.xml:20:9-35
	android:icon
		ADDED from Android_Dev\Watermelon\AndroidManifest.xml:21:9-45
activity#com.christmas.swuwifi.MainActivity
ADDED from Android_Dev\Watermelon\AndroidManifest.xml:23:9-33:20
	android:label
		ADDED from Android_Dev\Watermelon\AndroidManifest.xml:25:13-45
	android:windowSoftInputMode
		ADDED from Android_Dev\Watermelon\AndroidManifest.xml:27:13-72
	android:theme
		ADDED from Android_Dev\Watermelon\AndroidManifest.xml:26:13-60
	android:name
		ADDED from Android_Dev\Watermelon\AndroidManifest.xml:24:13-41
intent-filter#android.intent.action.MAIN+android.intent.category.LAUNCHER
ADDED from Android_Dev\Watermelon\AndroidManifest.xml:28:13-32:29
action#android.intent.action.MAIN
ADDED from Android_Dev\Watermelon\AndroidManifest.xml:29:17-69
	android:name
		ADDED from Android_Dev\Watermelon\AndroidManifest.xml:29:25-66
category#android.intent.category.LAUNCHER
ADDED from Android_Dev\Watermelon\AndroidManifest.xml:31:17-77
	android:name
		ADDED from Android_Dev\Watermelon\AndroidManifest.xml:31:27-74
service#com.christmas.swuwifi.MyService
ADDED from Android_Dev\Watermelon\AndroidManifest.xml:35:9-46
	android:name
		ADDED from Android_Dev\Watermelon\AndroidManifest.xml:35:18-43
service#com.christmas.swuwifi.HorizonService
ADDED from Android_Dev\Watermelon\AndroidManifest.xml:36:9-51
	android:name
		ADDED from Android_Dev\Watermelon\AndroidManifest.xml:36:18-48
activity#com.christmas.swuwifi.SetActivity
ADDED from Android_Dev\Watermelon\AndroidManifest.xml:38:9-48
	android:name
		ADDED from Android_Dev\Watermelon\AndroidManifest.xml:38:19-46
activity#com.christmas.swuwifi.HelpActivity
ADDED from Android_Dev\Watermelon\AndroidManifest.xml:39:9-50
	android:name
		ADDED from Android_Dev\Watermelon\AndroidManifest.xml:39:19-47
receiver#com.christmas.swuwifi.BootRece
ADDED from Android_Dev\Watermelon\AndroidManifest.xml:42:9-50:20
	android:name
		ADDED from Android_Dev\Watermelon\AndroidManifest.xml:42:19-43
intent-filter#android.intent.action.BOOT_COMPLETED+android.intent.category.LAUNCHER+android.net.wifi.RSSI_CHANGED+android.net.wifi.STATE_CHANGE+android.net.wifi.WIFI_STATE_CHANGED
ADDED from Android_Dev\Watermelon\AndroidManifest.xml:43:13-49:29
action#android.intent.action.BOOT_COMPLETED
ADDED from Android_Dev\Watermelon\AndroidManifest.xml:44:17-79
	android:name
		ADDED from Android_Dev\Watermelon\AndroidManifest.xml:44:25-76
action#android.net.wifi.RSSI_CHANGED
ADDED from Android_Dev\Watermelon\AndroidManifest.xml:46:17-72
	android:name
		ADDED from Android_Dev\Watermelon\AndroidManifest.xml:46:25-69
action#android.net.wifi.STATE_CHANGE
ADDED from Android_Dev\Watermelon\AndroidManifest.xml:47:17-72
	android:name
		ADDED from Android_Dev\Watermelon\AndroidManifest.xml:47:25-69
action#android.net.wifi.WIFI_STATE_CHANGED
ADDED from Android_Dev\Watermelon\AndroidManifest.xml:48:17-78
	android:name
		ADDED from Android_Dev\Watermelon\AndroidManifest.xml:48:25-75
receiver#com.christmas.swuwifi.AlarmReceiver
ADDED from Android_Dev\Watermelon\AndroidManifest.xml:51:9-51
	android:name
		ADDED from Android_Dev\Watermelon\AndroidManifest.xml:51:19-48